c:\users\erwin\onedrive\documents\jobs and career\sumo digital\ditp 2023\day3\tutorial 03 solution\tutorial03-a\build\intermediate\tutorial03-a bounce game\x64\debug\vc143.pdb
c:\users\erwin\onedrive\documents\jobs and career\sumo digital\ditp 2023\day3\tutorial 03 solution\tutorial03-a\build\intermediate\tutorial03-a bounce game\x64\debug\vc143.idb
c:\users\erwin\onedrive\documents\jobs and career\sumo digital\ditp 2023\day3\tutorial 03 solution\tutorial03-a\build\intermediate\tutorial03-a bounce game\x64\debug\maingame.obj
c:\users\erwin\onedrive\documents\jobs and career\sumo digital\ditp 2023\day3 - breakout, vectors and aabb\tutorial 03 solution\tutorial03-a\build\intermediate\tutorial03-a bounce game\x64\debug\vc143.pdb
c:\users\erwin\onedrive\documents\jobs and career\sumo digital\ditp 2023\day3 - breakout, vectors and aabb\tutorial 03 solution\tutorial03-a\build\intermediate\tutorial03-a bounce game\x64\debug\vc143.idb
c:\users\erwin\onedrive\documents\jobs and career\sumo digital\ditp 2023\day3 - breakout, vectors and aabb\tutorial 03 solution\tutorial03-a\build\intermediate\tutorial03-a bounce game\x64\debug\maingame.obj
c:\users\erwin\onedrive\documents\jobs and career\sumo digital\ditp 2023\day3\tutorial 03 solution\tutorial03-a\build\x64\debug\tutorial03-a bounce game.exe
c:\users\erwin\onedrive\documents\jobs and career\sumo digital\ditp 2023\day3\tutorial 03 solution\tutorial03-a\build\intermediate\tutorial03-a bounce game\x64\debug\tutorial03-a bounce game.ilk
c:\users\erwin\onedrive\documents\jobs and career\sumo digital\ditp 2023\day3\tutorial 03 solution\tutorial03-a\build\x64\debug\tutorial03-a bounce game.pdb
c:\users\erwin\onedrive\documents\jobs and career\sumo digital\ditp 2023\day3 - breakout, vectors and aabb\tutorial 03 solution\tutorial03-a\build\intermediate\tutorial03-a bounce game\x64\debug\maingame.obj.enc
c:\users\erwin\onedrive\documents\jobs and career\sumo digital\ditp 2023\day3 - breakout, vectors and aabb\tutorial 03 solution\tutorial03-a\build\intermediate\tutorial03-a bounce game\x64\debug\tutorial03-a bounce game.ilk
c:\users\erwin\onedrive\documents\jobs and career\sumo digital\ditp 2023\day3 - breakout, vectors and aabb\tutorial 03 solution\tutorial03-a\build\x64\debug\tutorial03-a bounce game.pdb
c:\users\erwin\onedrive\documents\jobs and career\sumo digital\ditp 2023\day3 - breakout, vectors and aabb\tutorial 03 solution\tutorial03-a\build\x64\debug\tutorial03-a bounce game.exe
c:\users\erwin\onedrive\documents\jobs and career\sumo digital\ditp 2023\day3 - breakout, vectors and aabb\tutorial 03 solution\tutorial03-a\build\intermediate\tutorial03-a bounce game\x64\debug\tutorial03-a.vcxproj.filelistabsolute.txt
c:\users\erwin\onedrive\documents\jobs and career\sumo digital\ditp 2023\day3 - breakout, vectors and aabb\tutorial 03 solution\tutorial03-a\build\intermediate\tutorial03-a bounce game\x64\debug\tutorial.40318262.tlog\cl.command.1.tlog
c:\users\erwin\onedrive\documents\jobs and career\sumo digital\ditp 2023\day3 - breakout, vectors and aabb\tutorial 03 solution\tutorial03-a\build\intermediate\tutorial03-a bounce game\x64\debug\tutorial.40318262.tlog\cl.items.tlog
c:\users\erwin\onedrive\documents\jobs and career\sumo digital\ditp 2023\day3 - breakout, vectors and aabb\tutorial 03 solution\tutorial03-a\build\intermediate\tutorial03-a bounce game\x64\debug\tutorial.40318262.tlog\cl.read.1.tlog
c:\users\erwin\onedrive\documents\jobs and career\sumo digital\ditp 2023\day3 - breakout, vectors and aabb\tutorial 03 solution\tutorial03-a\build\intermediate\tutorial03-a bounce game\x64\debug\tutorial.40318262.tlog\cl.write.1.tlog
c:\users\erwin\onedrive\documents\jobs and career\sumo digital\ditp 2023\day3 - breakout, vectors and aabb\tutorial 03 solution\tutorial03-a\build\intermediate\tutorial03-a bounce game\x64\debug\tutorial.40318262.tlog\link.command.1.tlog
c:\users\erwin\onedrive\documents\jobs and career\sumo digital\ditp 2023\day3 - breakout, vectors and aabb\tutorial 03 solution\tutorial03-a\build\intermediate\tutorial03-a bounce game\x64\debug\tutorial.40318262.tlog\link.read.1.tlog
c:\users\erwin\onedrive\documents\jobs and career\sumo digital\ditp 2023\day3 - breakout, vectors and aabb\tutorial 03 solution\tutorial03-a\build\intermediate\tutorial03-a bounce game\x64\debug\tutorial.40318262.tlog\link.write.1.tlog
